<?xml version="1.0" encoding="UTF-8"?>
<!-- Generated by org.testng.reporters.JUnitReportReporter -->
<testsuite hostname="ASOLANOC-DH01" failures="0" tests="2" name="appium006.AppiumTest006" time="1.500" errors="1" timestamp="2023-02-02T14:35:56 GMT-04:00" skipped="1">
  <testcase classname="appium006.AppiumTest006" name="setup" time="1.500">
    <error message="Could not start a new session. Response code 500. Message: An unknown server-side error occurred while processing the command. Original error: Unable to find an active device or emulator with OS 13.0. The following are available: emulator-5554 (12) 
Host info: host: &#039;ASOLANOC-DH01&#039;, ip: &#039;10.89.30.9&#039;
Build info: version: &#039;4.8.0&#039;, revision: &#039;267030adea&#039;
System info: os.name: &#039;Windows 10&#039;, os.arch: &#039;amd64&#039;, os.version: &#039;10.0&#039;, java.version: &#039;19.0.2&#039;
Driver info: io.appium.java_client.android.AndroidDriver
Command: [null, newSession {capabilities=[{appium:appActivity=com.google.android.apps.chrome.Main, appium:appPackage=com.android.chrome, appium:automationName=Appium, appium:chromedriverExecutable=C:\platform-tools\chromedriver_win32_109version_supportedforpixel\chromedriver.exe, appium:deviceName=09011FDD40022V, appium:noReset=true, platformName=ANDROID, appium:platformVersion=13.0}], desiredCapabilities=Capabilities {appActivity: com.google.android.apps.chr..., appPackage: com.android.chrome, automationName: Appium, chromedriverExecutable: C:\platform-tools\chromedri..., deviceName: 09011FDD40022V, noReset: true, platformName: ANDROID, platformVersion: 13.0}}]
Capabilities {}" type="org.openqa.selenium.SessionNotCreatedException">
      <![CDATA[org.openqa.selenium.SessionNotCreatedException: Could not start a new session. Response code 500. Message: An unknown server-side error occurred while processing the command. Original error: Unable to find an active device or emulator with OS 13.0. The following are available: emulator-5554 (12) 
Host info: host: 'ASOLANOC-DH01', ip: '10.89.30.9'
Build info: version: '4.8.0', revision: '267030adea'
System info: os.name: 'Windows 10', os.arch: 'amd64', os.version: '10.0', java.version: '19.0.2'
Driver info: io.appium.java_client.android.AndroidDriver
Command: [null, newSession {capabilities=[{appium:appActivity=com.google.android.apps.chrome.Main, appium:appPackage=com.android.chrome, appium:automationName=Appium, appium:chromedriverExecutable=C:\platform-tools\chromedriver_win32_109version_supportedforpixel\chromedriver.exe, appium:deviceName=09011FDD40022V, appium:noReset=true, platformName=ANDROID, appium:platformVersion=13.0}], desiredCapabilities=Capabilities {appActivity: com.google.android.apps.chr..., appPackage: com.android.chrome, automationName: Appium, chromedriverExecutable: C:\platform-tools\chromedri..., deviceName: 09011FDD40022V, noReset: true, platformName: ANDROID, platformVersion: 13.0}}]
Capabilities {}
at org.openqa.selenium.remote.ProtocolHandshake.createSession(ProtocolHandshake.java:148)
at java.base/jdk.internal.reflect.DirectMethodHandleAccessor.invoke(DirectMethodHandleAccessor.java:104)
at java.base/java.lang.reflect.Method.invoke(Method.java:578)
at io.appium.java_client.remote.AppiumProtocolHandshake.createSession(AppiumProtocolHandshake.java:133)
at io.appium.java_client.remote.AppiumProtocolHandshake.createSession(AppiumProtocolHandshake.java:102)
at io.appium.java_client.remote.AppiumCommandExecutor.createSession(AppiumCommandExecutor.java:194)
at io.appium.java_client.remote.AppiumCommandExecutor.execute(AppiumCommandExecutor.java:262)
at org.openqa.selenium.remote.RemoteWebDriver.execute(RemoteWebDriver.java:543)
at io.appium.java_client.AppiumDriver.startSession(AppiumDriver.java:229)
at org.openqa.selenium.remote.RemoteWebDriver.<init>(RemoteWebDriver.java:157)
at io.appium.java_client.AppiumDriver.<init>(AppiumDriver.java:80)
at io.appium.java_client.AppiumDriver.<init>(AppiumDriver.java:92)
at io.appium.java_client.android.AndroidDriver.<init>(AndroidDriver.java:117)
at appium006.AppiumTest006.setup(AppiumTest006.java:36)
at java.base/jdk.internal.reflect.DirectMethodHandleAccessor.invoke(DirectMethodHandleAccessor.java:104)
at java.base/java.lang.reflect.Method.invoke(Method.java:578)
at org.testng.internal.MethodInvocationHelper.invokeMethod(MethodInvocationHelper.java:133)
at org.testng.internal.MethodInvocationHelper.invokeMethodConsideringTimeout(MethodInvocationHelper.java:62)
at org.testng.internal.ConfigInvoker.invokeConfigurationMethod(ConfigInvoker.java:385)
at org.testng.internal.ConfigInvoker.invokeConfigurations(ConfigInvoker.java:321)
at org.testng.TestRunner.invokeTestConfigurations(TestRunner.java:637)
at org.testng.TestRunner.beforeRun(TestRunner.java:627)
at org.testng.TestRunner.run(TestRunner.java:589)
at org.testng.SuiteRunner.runTest(SuiteRunner.java:377)
at org.testng.SuiteRunner.runSequentially(SuiteRunner.java:371)
at org.testng.SuiteRunner.privateRun(SuiteRunner.java:332)
at org.testng.SuiteRunner.run(SuiteRunner.java:276)
at org.testng.SuiteRunnerWorker.runSuite(SuiteRunnerWorker.java:53)
at org.testng.SuiteRunnerWorker.run(SuiteRunnerWorker.java:96)
at org.testng.TestNG.runSuitesSequentially(TestNG.java:1212)
at org.testng.TestNG.runSuitesLocally(TestNG.java:1134)
at org.testng.TestNG.runSuites(TestNG.java:1063)
at org.testng.TestNG.run(TestNG.java:1031)
at org.testng.remote.AbstractRemoteTestNG.run(AbstractRemoteTestNG.java:115)
at org.testng.remote.RemoteTestNG.initAndRun(RemoteTestNG.java:251)
at org.testng.remote.RemoteTestNG.main(RemoteTestNG.java:77)
]]>
    </error>
  </testcase> <!-- setup -->
  <system-out/>
  <testcase classname="appium006.AppiumTest006" name="scrollUpDown" time="0.000">
    <skipped/>
  </testcase> <!-- scrollUpDown -->
  <system-out/>
</testsuite> <!-- appium006.AppiumTest006 -->
